\BOOKMARK [0][-]{Doc-Start}{\376\377\000A\000b\000s\000t\000r\000a\000c\000t}{}% 1
\BOOKMARK [0][-]{chapter*.1}{\376\377\000L\000i\000s\000t\000\040\000o\000f\000\040\000F\000i\000g\000u\000r\000e\000s}{}% 2
\BOOKMARK [0][-]{chapter*.2}{\376\377\000L\000i\000s\000t\000\040\000o\000f\000\040\000T\000a\000b\000l\000e\000s}{}% 3
\BOOKMARK [0][-]{chapter*.3}{\376\377\000L\000i\000s\000t\000\040\000o\000f\000\040\000S\000c\000h\000e\000m\000e\000s}{}% 4
\BOOKMARK [0][-]{chapter.1}{\376\377\000I\000n\000t\000r\000o\000d\000u\000c\000t\000i\000o\000n}{}% 5
\BOOKMARK [1][-]{section.1.1}{\376\377\000C\000o\000n\000t\000i\000n\000u\000a\000l\000\040\000L\000e\000a\000r\000n\000i\000n\000g}{chapter.1}% 6
\BOOKMARK [1][-]{section.1.2}{\376\377\000T\000h\000e\000\040\000F\000a\000i\000l\000u\000r\000e\000\040\000o\000f\000\040\000R\000e\000m\000e\000m\000b\000e\000r\000i\000n\000g}{chapter.1}% 7
\BOOKMARK [1][-]{section.1.3}{\376\377\000P\000r\000e\000m\000i\000s\000e}{chapter.1}% 8
\BOOKMARK [1][-]{section.1.4}{\376\377\000E\000d\000g\000e\000\040\000D\000e\000v\000i\000c\000e\000\040\000L\000e\000a\000r\000n\000i\000n\000g\000\040\000A\000p\000p\000r\000o\000a\000c\000h\000e\000s}{chapter.1}% 9
\BOOKMARK [1][-]{section.1.5}{\376\377\000C\000o\000n\000t\000r\000i\000b\000u\000t\000i\000o\000n\000s\000\040\000t\000o\000\040\000R\000e\000s\000e\000a\000r\000c\000h}{chapter.1}% 10
\BOOKMARK [1][-]{section.1.6}{\376\377\000S\000c\000o\000p\000e}{chapter.1}% 11
\BOOKMARK [0][-]{chapter.2}{\376\377\000L\000i\000t\000e\000r\000a\000t\000u\000r\000e\000\040\000R\000e\000v\000i\000e\000w}{}% 12
\BOOKMARK [1][-]{section.2.1}{\376\377\000C\000o\000n\000t\000i\000n\000u\000a\000l\000\040\000L\000e\000a\000r\000n\000i\000n\000g\000\040\000E\000a\000r\000l\000y\000\040\000D\000a\000y\000s}{chapter.2}% 13
\BOOKMARK [1][-]{section.2.2}{\376\377\000C\000o\000n\000t\000i\000n\000u\000a\000l\000\040\000L\000e\000a\000r\000n\000i\000n\000g\000\040\000C\000u\000r\000r\000e\000n\000t\000\040\000R\000e\000s\000e\000a\000r\000c\000h}{chapter.2}% 14
\BOOKMARK [0][-]{chapter.3}{\376\377\000T\000e\000c\000h\000n\000i\000c\000a\000l\000\040\000A\000p\000p\000r\000o\000a\000c\000h\000\040\000O\000v\000e\000r\000v\000i\000e\000w}{}% 15
\BOOKMARK [1][-]{section.3.1}{\376\377\000L\000o\000w\000\040\000M\000e\000m\000o\000r\000y\000\040\000C\000o\000n\000t\000i\000n\000u\000a\000l\000\040\000L\000e\000a\000r\000n\000i\000n\000g}{chapter.3}% 16
\BOOKMARK [0][-]{chapter.4}{\376\377\000M\000i\000c\000r\000o\000\040\000C\000o\000n\000t\000i\000n\000u\000a\000l\000\040\000L\000e\000a\000r\000n\000i\000n\000g}{}% 17
\BOOKMARK [1][-]{section.4.1}{\376\377\000A\000l\000g\000o\000r\000i\000t\000h\000m\000\040\000D\000e\000s\000i\000g\000n}{chapter.4}% 18
\BOOKMARK [0][-]{appendix.a.A}{\376\377\000A\000p\000p\000e\000n\000d\000i\000x\000\040\000E\000x\000p\000e\000r\000i\000m\000e\000n\000t\000a\000l\000\040\000E\000q\000u\000i\000p\000m\000e\000n\000t}{}% 19
\BOOKMARK [0][-]{appendix.a.B}{\376\377\000A\000p\000p\000e\000n\000d\000i\000x\000\040\000T\000h\000e\000\040\000S\000e\000c\000o\000n\000d\000\040\000A\000p\000p\000e\000n\000d\000i\000x}{}% 20
